2023-09-27T17:32:38.158+05:30  INFO 29548 --- [main] com.org.PhotoAlbumServiceApplication     : Starting PhotoAlbumServiceApplication using Java 17.0.1 with PID 29548 (C:\Users\shahz\OneDrive\Desktop\LearnerSpace\Microservices_photo_app\photo-album-service\target\classes started by shahz in C:\Users\shahz\OneDrive\Desktop\LearnerSpace\Microservices_photo_app)
2023-09-27T17:32:38.163+05:30  INFO 29548 --- [main] com.org.PhotoAlbumServiceApplication     : No active profile set, falling back to 1 default profile: "default"
2023-09-27T17:32:40.698+05:30  INFO 29548 --- [main] o.s.cloud.context.scope.GenericScope     : BeanFactory id=6b096359-d4a0-33d9-bd3a-499c88730bc4
2023-09-27T17:32:41.577+05:30  INFO 29548 --- [main] o.s.b.w.embedded.tomcat.TomcatWebServer  : Tomcat initialized with port(s): 8030 (http)
2023-09-27T17:32:41.597+05:30  INFO 29548 --- [main] o.apache.catalina.core.StandardService   : Starting service [Tomcat]
2023-09-27T17:32:41.597+05:30  INFO 29548 --- [main] o.apache.catalina.core.StandardEngine    : Starting Servlet engine: [Apache Tomcat/10.1.12]
2023-09-27T17:32:41.854+05:30  INFO 29548 --- [main] o.a.c.c.C.[Tomcat].[localhost].[/]       : Initializing Spring embedded WebApplicationContext
2023-09-27T17:32:41.855+05:30  INFO 29548 --- [main] w.s.c.ServletWebServerApplicationContext : Root WebApplicationContext: initialization completed in 3561 ms
2023-09-27T17:32:44.882+05:30  INFO 29548 --- [main] o.s.cloud.commons.util.InetUtils         : Cannot determine local hostname
2023-09-27T17:32:46.631+05:30  INFO 29548 --- [main] o.s.cloud.commons.util.InetUtils         : Cannot determine local hostname
2023-09-27T17:32:46.646+05:30  INFO 29548 --- [main] DiscoveryClientOptionalArgsConfiguration : Eureka HTTP Client uses RestTemplate.
2023-09-27T17:32:46.732+05:30  WARN 29548 --- [main] iguration$LoadBalancerCaffeineWarnLogger : Spring Cloud LoadBalancer is currently working with the default cache. While this cache implementation is useful for development and tests, it's recommended to use Caffeine cache in production.You can switch to using Caffeine cache, by adding it and org.springframework.cache.caffeine.CaffeineCacheManager to the classpath.
2023-09-27T17:32:46.792+05:30  INFO 29548 --- [main] o.s.b.a.e.web.EndpointLinksResolver      : Exposing 1 endpoint(s) beneath base path '/actuator'
2023-09-27T17:32:46.905+05:30  INFO 29548 --- [main] o.s.c.n.eureka.InstanceInfoFactory       : Setting initial instance status as: STARTING
2023-09-27T17:32:47.131+05:30  INFO 29548 --- [main] com.netflix.discovery.DiscoveryClient    : Initializing Eureka in region us-east-1
2023-09-27T17:32:47.144+05:30  INFO 29548 --- [main] c.n.d.s.r.aws.ConfigClusterResolver      : Resolving eureka endpoints via configuration
2023-09-27T17:32:47.220+05:30  INFO 29548 --- [main] com.netflix.discovery.DiscoveryClient    : Disable delta property : false
2023-09-27T17:32:47.221+05:30  INFO 29548 --- [main] com.netflix.discovery.DiscoveryClient    : Single vip registry refresh property : null
2023-09-27T17:32:47.221+05:30  INFO 29548 --- [main] com.netflix.discovery.DiscoveryClient    : Force full registry fetch : false
2023-09-27T17:32:47.221+05:30  INFO 29548 --- [main] com.netflix.discovery.DiscoveryClient    : Application is null : false
2023-09-27T17:32:47.221+05:30  INFO 29548 --- [main] com.netflix.discovery.DiscoveryClient    : Registered Applications size is zero : true
2023-09-27T17:32:47.221+05:30  INFO 29548 --- [main] com.netflix.discovery.DiscoveryClient    : Application version is -1: true
2023-09-27T17:32:47.221+05:30  INFO 29548 --- [main] com.netflix.discovery.DiscoveryClient    : Getting all instance registry info from the eureka server
2023-09-27T17:32:47.730+05:30  INFO 29548 --- [main] com.netflix.discovery.DiscoveryClient    : The response status is 200
2023-09-27T17:32:47.736+05:30  INFO 29548 --- [main] com.netflix.discovery.DiscoveryClient    : Starting heartbeat executor: renew interval is: 30
2023-09-27T17:32:47.745+05:30  INFO 29548 --- [main] c.n.discovery.InstanceInfoReplicator     : InstanceInfoReplicator onDemand update allowed rate per min is 4
2023-09-27T17:32:47.762+05:30  INFO 29548 --- [main] com.netflix.discovery.DiscoveryClient    : Discovery Client initialized at timestamp 1695816167759 with initial instances count: 3
2023-09-27T17:32:47.765+05:30  INFO 29548 --- [main] o.s.c.n.e.s.EurekaServiceRegistry        : Registering application PHOTO-SERVICE with eureka with status UP
2023-09-27T17:32:47.765+05:30  INFO 29548 --- [main] com.netflix.discovery.DiscoveryClient    : Saw local status change event StatusChangeEvent [timestamp=1695816167765, current=UP, previous=STARTING]
2023-09-27T17:32:47.768+05:30  INFO 29548 --- [DiscoveryClient-InstanceInfoReplicator-0] com.netflix.discovery.DiscoveryClient    : DiscoveryClient_PHOTO-SERVICE/localhost:photo-service:8030: registering service...
2023-09-27T17:32:47.825+05:30  INFO 29548 --- [main] o.s.b.w.embedded.tomcat.TomcatWebServer  : Tomcat started on port(s): 8030 (http) with context path ''
2023-09-27T17:32:47.826+05:30  INFO 29548 --- [main] .s.c.n.e.s.EurekaAutoServiceRegistration : Updating port to 8030
2023-09-27T17:32:47.859+05:30  INFO 29548 --- [DiscoveryClient-InstanceInfoReplicator-0] com.netflix.discovery.DiscoveryClient    : DiscoveryClient_PHOTO-SERVICE/localhost:photo-service:8030 - registration status: 204
2023-09-27T17:32:49.201+05:30  INFO 29548 --- [main] o.s.cloud.commons.util.InetUtils         : Cannot determine local hostname
2023-09-27T17:32:49.243+05:30  INFO 29548 --- [main] com.org.PhotoAlbumServiceApplication     : Started PhotoAlbumServiceApplication in 13.278 seconds (process running for 14.091)
2023-09-27T17:33:40.011+05:30  INFO 29548 --- [http-nio-8030-exec-1] o.a.c.c.C.[Tomcat].[localhost].[/]       : Initializing Spring DispatcherServlet 'dispatcherServlet'
2023-09-27T17:33:40.012+05:30  INFO 29548 --- [http-nio-8030-exec-1] o.s.web.servlet.DispatcherServlet        : Initializing Servlet 'dispatcherServlet'
2023-09-27T17:33:40.016+05:30  INFO 29548 --- [http-nio-8030-exec-1] o.s.web.servlet.DispatcherServlet        : Completed initialization in 3 ms
2023-09-27T17:33:40.117+05:30  INFO 29548 --- [http-nio-8030-exec-1] com.org.controller.AlbumController       : Returning 2 albums
2023-09-27T17:33:41.231+05:30  WARN 29548 --- [AsyncReporter{org.springframework.boot.actuate.autoconfigure.tracing.zipkin.ZipkinRestTemplateSender@55716e2a}] z.r.AsyncReporter$BoundedAsyncReporter   : Spans were dropped due to exceptions. All subsequent errors will be logged at FINE level.
2023-09-27T17:33:41.231+05:30  WARN 29548 --- [AsyncReporter{org.springframework.boot.actuate.autoconfigure.tracing.zipkin.ZipkinRestTemplateSender@55716e2a}] z.r.AsyncReporter$BoundedAsyncReporter   : Dropped 1 spans due to ResourceAccessException(I/O error on POST request for "http://localhost:9411/api/v2/spans": Connect to http://localhost:9411 [localhost/127.0.0.1, localhost/0:0:0:0:0:0:0:1] failed: Connection refused: no further information)

org.springframework.web.client.ResourceAccessException: I/O error on POST request for "http://localhost:9411/api/v2/spans": Connect to http://localhost:9411 [localhost/127.0.0.1, localhost/0:0:0:0:0:0:0:1] failed: Connection refused: no further information
	at org.springframework.web.client.RestTemplate.createResourceAccessException(RestTemplate.java:888) ~[spring-web-6.0.11.jar:6.0.11]
	at org.springframework.web.client.RestTemplate.doExecute(RestTemplate.java:868) ~[spring-web-6.0.11.jar:6.0.11]
	at org.springframework.web.client.RestTemplate.execute(RestTemplate.java:764) ~[spring-web-6.0.11.jar:6.0.11]
	at org.springframework.web.client.RestTemplate.exchange(RestTemplate.java:646) ~[spring-web-6.0.11.jar:6.0.11]
	at org.springframework.boot.actuate.autoconfigure.tracing.zipkin.ZipkinRestTemplateSender$RestTemplateHttpPostCall.doExecute(ZipkinRestTemplateSender.java:68) ~[spring-boot-actuator-autoconfigure-3.1.3.jar:3.1.3]
	at org.springframework.boot.actuate.autoconfigure.tracing.zipkin.ZipkinRestTemplateSender$RestTemplateHttpPostCall.doExecute(ZipkinRestTemplateSender.java:48) ~[spring-boot-actuator-autoconfigure-3.1.3.jar:3.1.3]
	at zipkin2.Call$Base.execute(Call.java:391) ~[zipkin-2.23.2.jar:na]
	at zipkin2.reporter.AsyncReporter$BoundedAsyncReporter.flush(AsyncReporter.java:299) ~[zipkin-reporter-2.16.3.jar:na]
	at zipkin2.reporter.AsyncReporter$Flusher.run(AsyncReporter.java:378) ~[zipkin-reporter-2.16.3.jar:na]
	at java.base/java.lang.Thread.run(Thread.java:833) ~[na:na]
Caused by: org.apache.hc.client5.http.HttpHostConnectException: Connect to http://localhost:9411 [localhost/127.0.0.1, localhost/0:0:0:0:0:0:0:1] failed: Connection refused: no further information
	at java.base/sun.nio.ch.Net.pollConnect(Native Method) ~[na:na]
	at java.base/sun.nio.ch.Net.pollConnectNow(Net.java:672) ~[na:na]
	at java.base/sun.nio.ch.NioSocketImpl.timedFinishConnect(NioSocketImpl.java:542) ~[na:na]
	at java.base/sun.nio.ch.NioSocketImpl.connect(NioSocketImpl.java:597) ~[na:na]
	at java.base/java.net.SocksSocketImpl.connect(SocksSocketImpl.java:327) ~[na:na]
	at java.base/java.net.Socket.connect(Socket.java:633) ~[na:na]
	at org.apache.hc.client5.http.socket.PlainConnectionSocketFactory.lambda$connectSocket$0(PlainConnectionSocketFactory.java:85) ~[httpclient5-5.2.1.jar:5.2.1]
	at java.base/java.security.AccessController.doPrivileged(AccessController.java:569) ~[na:na]
	at org.apache.hc.client5.http.socket.PlainConnectionSocketFactory.connectSocket(PlainConnectionSocketFactory.java:84) ~[httpclient5-5.2.1.jar:5.2.1]
	at org.apache.hc.client5.http.socket.ConnectionSocketFactory.connectSocket(ConnectionSocketFactory.java:113) ~[httpclient5-5.2.1.jar:5.2.1]
	at org.apache.hc.client5.http.impl.io.DefaultHttpClientConnectionOperator.connect(DefaultHttpClientConnectionOperator.java:181) ~[httpclient5-5.2.1.jar:5.2.1]
	at org.apache.hc.client5.http.impl.io.PoolingHttpClientConnectionManager.connect(PoolingHttpClientConnectionManager.java:447) ~[httpclient5-5.2.1.jar:5.2.1]
	at org.apache.hc.client5.http.impl.classic.InternalExecRuntime.connectEndpoint(InternalExecRuntime.java:162) ~[httpclient5-5.2.1.jar:5.2.1]
	at org.apache.hc.client5.http.impl.classic.InternalExecRuntime.connectEndpoint(InternalExecRuntime.java:172) ~[httpclient5-5.2.1.jar:5.2.1]
	at org.apache.hc.client5.http.impl.classic.ConnectExec.execute(ConnectExec.java:142) ~[httpclient5-5.2.1.jar:5.2.1]
	at org.apache.hc.client5.http.impl.classic.ExecChainElement.execute(ExecChainElement.java:51) ~[httpclient5-5.2.1.jar:5.2.1]
	at org.apache.hc.client5.http.impl.classic.ProtocolExec.execute(ProtocolExec.java:192) ~[httpclient5-5.2.1.jar:5.2.1]
	at org.apache.hc.client5.http.impl.classic.ExecChainElement.execute(ExecChainElement.java:51) ~[httpclient5-5.2.1.jar:5.2.1]
	at org.apache.hc.client5.http.impl.classic.HttpRequestRetryExec.execute(HttpRequestRetryExec.java:96) ~[httpclient5-5.2.1.jar:5.2.1]
	at org.apache.hc.client5.http.impl.classic.ExecChainElement.execute(ExecChainElement.java:51) ~[httpclient5-5.2.1.jar:5.2.1]
	at org.apache.hc.client5.http.impl.classic.ContentCompressionExec.execute(ContentCompressionExec.java:152) ~[httpclient5-5.2.1.jar:5.2.1]
	at org.apache.hc.client5.http.impl.classic.ExecChainElement.execute(ExecChainElement.java:51) ~[httpclient5-5.2.1.jar:5.2.1]
	at org.apache.hc.client5.http.impl.classic.RedirectExec.execute(RedirectExec.java:115) ~[httpclient5-5.2.1.jar:5.2.1]
	at org.apache.hc.client5.http.impl.classic.ExecChainElement.execute(ExecChainElement.java:51) ~[httpclient5-5.2.1.jar:5.2.1]
	at org.apache.hc.client5.http.impl.classic.InternalHttpClient.doExecute(InternalHttpClient.java:170) ~[httpclient5-5.2.1.jar:5.2.1]
	at org.apache.hc.client5.http.impl.classic.CloseableHttpClient.execute(CloseableHttpClient.java:106) ~[httpclient5-5.2.1.jar:5.2.1]
	at org.apache.hc.client5.http.impl.classic.CloseableHttpClient.execute(CloseableHttpClient.java:55) ~[httpclient5-5.2.1.jar:5.2.1]
	at org.springframework.http.client.HttpComponentsClientHttpRequest.executeInternal(HttpComponentsClientHttpRequest.java:93) ~[spring-web-6.0.11.jar:6.0.11]
	at org.springframework.http.client.AbstractBufferingClientHttpRequest.executeInternal(AbstractBufferingClientHttpRequest.java:48) ~[spring-web-6.0.11.jar:6.0.11]
	at org.springframework.http.client.AbstractClientHttpRequest.execute(AbstractClientHttpRequest.java:66) ~[spring-web-6.0.11.jar:6.0.11]
	at org.springframework.web.client.RestTemplate.doExecute(RestTemplate.java:862) ~[spring-web-6.0.11.jar:6.0.11]
	... 8 common frames omitted

2023-09-27T17:37:47.240+05:30  INFO 29548 --- [AsyncResolver-bootstrap-executor-0] c.n.d.s.r.aws.ConfigClusterResolver      : Resolving eureka endpoints via configuration
2023-09-27T17:42:47.251+05:30  INFO 29548 --- [AsyncResolver-bootstrap-executor-0] c.n.d.s.r.aws.ConfigClusterResolver      : Resolving eureka endpoints via configuration
2023-09-27T17:47:47.265+05:30  INFO 29548 --- [AsyncResolver-bootstrap-executor-0] c.n.d.s.r.aws.ConfigClusterResolver      : Resolving eureka endpoints via configuration
2023-09-27T17:50:26.679+05:30  INFO 29548 --- [http-nio-8030-exec-2] com.org.controller.AlbumController       : Returning 2 albums
2023-09-27T17:52:47.270+05:30  INFO 29548 --- [AsyncResolver-bootstrap-executor-0] c.n.d.s.r.aws.ConfigClusterResolver      : Resolving eureka endpoints via configuration
2023-09-27T17:57:47.281+05:30  INFO 29548 --- [AsyncResolver-bootstrap-executor-0] c.n.d.s.r.aws.ConfigClusterResolver      : Resolving eureka endpoints via configuration
2023-09-27T18:02:47.288+05:30  INFO 29548 --- [AsyncResolver-bootstrap-executor-0] c.n.d.s.r.aws.ConfigClusterResolver      : Resolving eureka endpoints via configuration
2023-09-27T18:07:47.299+05:30  INFO 29548 --- [AsyncResolver-bootstrap-executor-0] c.n.d.s.r.aws.ConfigClusterResolver      : Resolving eureka endpoints via configuration
2023-09-27T18:10:08.576+05:30  INFO 29548 --- [http-nio-8030-exec-4] com.org.controller.AlbumController       : Returning 2 albums
2023-09-27T18:12:47.309+05:30  INFO 29548 --- [AsyncResolver-bootstrap-executor-0] c.n.d.s.r.aws.ConfigClusterResolver      : Resolving eureka endpoints via configuration
2023-09-27T18:17:47.321+05:30  INFO 29548 --- [AsyncResolver-bootstrap-executor-0] c.n.d.s.r.aws.ConfigClusterResolver      : Resolving eureka endpoints via configuration
2023-09-27T18:19:47.564+05:30  INFO 29548 --- [http-nio-8030-exec-6] com.org.controller.AlbumController       : Returning 2 albums
2023-09-27T18:19:48.523+05:30  INFO 29548 --- [http-nio-8030-exec-7] com.org.controller.AlbumController       : Returning 2 albums
2023-09-27T18:22:47.330+05:30  INFO 29548 --- [AsyncResolver-bootstrap-executor-0] c.n.d.s.r.aws.ConfigClusterResolver      : Resolving eureka endpoints via configuration
2023-09-27T18:27:47.338+05:30  INFO 29548 --- [AsyncResolver-bootstrap-executor-0] c.n.d.s.r.aws.ConfigClusterResolver      : Resolving eureka endpoints via configuration
2023-09-27T18:32:47.354+05:30  INFO 29548 --- [AsyncResolver-bootstrap-executor-0] c.n.d.s.r.aws.ConfigClusterResolver      : Resolving eureka endpoints via configuration
2023-09-27T18:37:47.365+05:30  INFO 29548 --- [AsyncResolver-bootstrap-executor-0] c.n.d.s.r.aws.ConfigClusterResolver      : Resolving eureka endpoints via configuration
2023-09-27T18:42:47.381+05:30  INFO 29548 --- [AsyncResolver-bootstrap-executor-0] c.n.d.s.r.aws.ConfigClusterResolver      : Resolving eureka endpoints via configuration
2023-09-27T18:47:47.394+05:30  INFO 29548 --- [AsyncResolver-bootstrap-executor-0] c.n.d.s.r.aws.ConfigClusterResolver      : Resolving eureka endpoints via configuration
2023-09-27T18:52:47.402+05:30  INFO 29548 --- [AsyncResolver-bootstrap-executor-0] c.n.d.s.r.aws.ConfigClusterResolver      : Resolving eureka endpoints via configuration
2023-09-27T21:06:44.966+05:30  INFO 29548 --- [AsyncResolver-bootstrap-executor-0] c.n.d.s.r.aws.ConfigClusterResolver      : Resolving eureka endpoints via configuration
2023-09-27T21:11:44.975+05:30  INFO 29548 --- [AsyncResolver-bootstrap-executor-0] c.n.d.s.r.aws.ConfigClusterResolver      : Resolving eureka endpoints via configuration
2023-09-27T21:16:44.998+05:30  INFO 29548 --- [AsyncResolver-bootstrap-executor-0] c.n.d.s.r.aws.ConfigClusterResolver      : Resolving eureka endpoints via configuration
2023-09-27T21:21:45.017+05:30  INFO 29548 --- [AsyncResolver-bootstrap-executor-0] c.n.d.s.r.aws.ConfigClusterResolver      : Resolving eureka endpoints via configuration
2023-09-27T21:26:45.020+05:30  INFO 29548 --- [AsyncResolver-bootstrap-executor-0] c.n.d.s.r.aws.ConfigClusterResolver      : Resolving eureka endpoints via configuration
2023-09-27T21:31:45.033+05:30  INFO 29548 --- [AsyncResolver-bootstrap-executor-0] c.n.d.s.r.aws.ConfigClusterResolver      : Resolving eureka endpoints via configuration
2023-09-27T21:36:45.044+05:30  INFO 29548 --- [AsyncResolver-bootstrap-executor-0] c.n.d.s.r.aws.ConfigClusterResolver      : Resolving eureka endpoints via configuration
2023-09-27T21:41:45.053+05:30  INFO 29548 --- [AsyncResolver-bootstrap-executor-0] c.n.d.s.r.aws.ConfigClusterResolver      : Resolving eureka endpoints via configuration
2023-09-27T21:46:45.060+05:30  INFO 29548 --- [AsyncResolver-bootstrap-executor-0] c.n.d.s.r.aws.ConfigClusterResolver      : Resolving eureka endpoints via configuration
2023-09-27T21:51:45.064+05:30  INFO 29548 --- [AsyncResolver-bootstrap-executor-0] c.n.d.s.r.aws.ConfigClusterResolver      : Resolving eureka endpoints via configuration
2023-09-27T21:56:45.084+05:30  INFO 29548 --- [AsyncResolver-bootstrap-executor-0] c.n.d.s.r.aws.ConfigClusterResolver      : Resolving eureka endpoints via configuration
2023-09-27T22:01:45.099+05:30  INFO 29548 --- [AsyncResolver-bootstrap-executor-0] c.n.d.s.r.aws.ConfigClusterResolver      : Resolving eureka endpoints via configuration
