2023-09-27 17:33:07.185  INFO [user-service, , ] 29492 --- [main] c.o.userservice.UserServiceApplication   : Starting UserServiceApplication using Java 17.0.1 on LAPTOP-5332DICF with PID 29492 (C:\Users\shahz\OneDrive\Desktop\LearnerSpace\Microservices_photo_app\user-service\target\classes started by shahz in C:\Users\shahz\OneDrive\Desktop\LearnerSpace\Microservices_photo_app)
2023-09-27 17:33:07.191  INFO [user-service, , ] 29492 --- [main] c.o.userservice.UserServiceApplication   : No active profile set, falling back to 1 default profile: "default"
2023-09-27 17:33:07.309  INFO [user-service, , ] 29492 --- [main] o.s.c.c.c.ConfigServerConfigDataLoader   : Fetching config from server at : http://localhost:8090
2023-09-27 17:33:07.310  INFO [user-service, , ] 29492 --- [main] o.s.c.c.c.ConfigServerConfigDataLoader   : Located environment: name=user-service, profiles=[default], label=null, version=1f519b075c1ffa4f24b0f7479c06548f99b0385d, state=null
2023-09-27 17:33:09.673  INFO [user-service, , ] 29492 --- [main] .s.d.r.c.RepositoryConfigurationDelegate : Bootstrapping Spring Data JPA repositories in DEFAULT mode.
2023-09-27 17:33:09.953  INFO [user-service, , ] 29492 --- [main] .s.d.r.c.RepositoryConfigurationDelegate : Finished Spring Data repository scanning in 262 ms. Found 1 JPA repository interfaces.
2023-09-27 17:33:10.486  INFO [user-service, , ] 29492 --- [main] faultConfiguringBeanFactoryPostProcessor : No bean named 'errorChannel' has been explicitly defined. Therefore, a default PublishSubscribeChannel will be created.
2023-09-27 17:33:10.507  INFO [user-service, , ] 29492 --- [main] faultConfiguringBeanFactoryPostProcessor : No bean named 'integrationHeaderChannelRegistry' has been explicitly defined. Therefore, a default DefaultHeaderChannelRegistry will be created.
2023-09-27 17:33:10.768  INFO [user-service, , ] 29492 --- [main] o.s.cloud.context.scope.GenericScope     : BeanFactory id=298064aa-bd48-3d07-a7e7-c4c564534c1b
2023-09-27 17:33:12.409  INFO [user-service, , ] 29492 --- [main] o.s.b.w.embedded.tomcat.TomcatWebServer  : Tomcat initialized with port(s): 8080 (http)
2023-09-27 17:33:12.467  INFO [user-service, , ] 29492 --- [main] o.apache.catalina.core.StandardService   : Starting service [Tomcat]
2023-09-27 17:33:12.468  INFO [user-service, , ] 29492 --- [main] org.apache.catalina.core.StandardEngine  : Starting Servlet engine: [Apache Tomcat/9.0.78]
2023-09-27 17:33:12.829  INFO [user-service, , ] 29492 --- [main] o.a.c.c.C.[Tomcat].[localhost].[/]       : Initializing Spring embedded WebApplicationContext
2023-09-27 17:33:12.830  INFO [user-service, , ] 29492 --- [main] w.s.c.ServletWebServerApplicationContext : Root WebApplicationContext: initialization completed in 5514 ms
2023-09-27 17:33:13.247  INFO [user-service, , ] 29492 --- [main] com.zaxxer.hikari.HikariDataSource       : HikariPool-1 - Starting...
2023-09-27 17:33:13.579  INFO [user-service, , ] 29492 --- [main] com.zaxxer.hikari.HikariDataSource       : HikariPool-1 - Start completed.
2023-09-27 17:33:13.595  INFO [user-service, , ] 29492 --- [main] o.s.b.a.h2.H2ConsoleAutoConfiguration    : H2 console available at '/h2-console'. Database available at 'jdbc:h2:mem:testdb2'
2023-09-27 17:33:14.015  INFO [user-service, , ] 29492 --- [main] o.hibernate.jpa.internal.util.LogHelper  : HHH000204: Processing PersistenceUnitInfo [name: default]
2023-09-27 17:33:14.140  INFO [user-service, , ] 29492 --- [main] org.hibernate.Version                    : HHH000412: Hibernate ORM core version 5.6.15.Final
2023-09-27 17:33:14.519  INFO [user-service, , ] 29492 --- [main] o.hibernate.annotations.common.Version   : HCANN000001: Hibernate Commons Annotations {5.1.2.Final}
2023-09-27 17:33:14.782  INFO [user-service, , ] 29492 --- [main] org.hibernate.dialect.Dialect            : HHH000400: Using dialect: org.hibernate.dialect.H2Dialect
2023-09-27 17:33:15.783  INFO [user-service, , ] 29492 --- [main] o.h.e.t.j.p.i.JtaPlatformInitiator       : HHH000490: Using JtaPlatform implementation: [org.hibernate.engine.transaction.jta.platform.internal.NoJtaPlatform]
2023-09-27 17:33:15.796  INFO [user-service, , ] 29492 --- [main] j.LocalContainerEntityManagerFactoryBean : Initialized JPA EntityManagerFactory for persistence unit 'default'
2023-09-27 17:33:16.831  WARN [user-service, , ] 29492 --- [main] JpaBaseConfiguration$JpaWebConfiguration : spring.jpa.open-in-view is enabled by default. Therefore, database queries may be performed during view rendering. Explicitly configure spring.jpa.open-in-view to disable this warning
2023-09-27 17:33:17.318  INFO [user-service, , ] 29492 --- [main] o.s.c.openfeign.FeignClientFactoryBean   : For 'PHOTO-SERVICE' URL not provided. Will try picking an instance via load-balancing.
2023-09-27 17:33:18.117  INFO [user-service, , ] 29492 --- [main] o.s.s.web.DefaultSecurityFilterChain     : Will secure any request with [org.springframework.security.web.session.DisableEncodeUrlFilter@20bc72af, org.springframework.security.web.context.request.async.WebAsyncManagerIntegrationFilter@36f2bfe6, org.springframework.security.web.context.SecurityContextPersistenceFilter@b31cd6b, org.springframework.security.web.header.HeaderWriterFilter@77524169, org.springframework.security.web.authentication.logout.LogoutFilter@1ca876b7, org.springframework.security.web.authentication.www.BasicAuthenticationFilter@7985c32f, org.springframework.security.web.savedrequest.RequestCacheAwareFilter@3d123d10, org.springframework.security.web.servletapi.SecurityContextHolderAwareRequestFilter@147c00c7, org.springframework.security.web.authentication.AnonymousAuthenticationFilter@bf2aa3f, org.springframework.security.web.session.SessionManagementFilter@3bb59485, org.springframework.security.web.access.ExceptionTranslationFilter@16716cc0, org.springframework.security.web.access.intercept.AuthorizationFilter@1272f6d9]
2023-09-27 17:33:20.905  INFO [user-service, , ] 29492 --- [main] o.s.cloud.commons.util.InetUtils         : Cannot determine local hostname
2023-09-27 17:33:21.651  INFO [user-service, , ] 29492 --- [main] o.s.c.s.m.DirectWithAttributesChannel    : Channel 'user-service.springCloudBusInput' has 1 subscriber(s).
2023-09-27 17:33:23.416  INFO [user-service, , ] 29492 --- [main] o.s.cloud.commons.util.InetUtils         : Cannot determine local hostname
2023-09-27 17:33:23.462  INFO [user-service, , ] 29492 --- [main] DiscoveryClientOptionalArgsConfiguration : Eureka HTTP Client uses RestTemplate.
2023-09-27 17:33:23.650  WARN [user-service, , ] 29492 --- [main] iguration$LoadBalancerCaffeineWarnLogger : Spring Cloud LoadBalancer is currently working with the default cache. While this cache implementation is useful for development and tests, it's recommended to use Caffeine cache in production.You can switch to using Caffeine cache, by adding it and org.springframework.cache.caffeine.CaffeineCacheManager to the classpath.
2023-09-27 17:33:23.682  INFO [user-service, , ] 29492 --- [main] o.s.b.a.e.web.EndpointLinksResolver      : Exposing 3 endpoint(s) beneath base path '/actuator'
2023-09-27 17:33:23.915  INFO [user-service, , ] 29492 --- [main] o.s.i.endpoint.EventDrivenConsumer       : Adding {logging-channel-adapter:_org.springframework.integration.errorLogger} as a subscriber to the 'errorChannel' channel
2023-09-27 17:33:23.916  INFO [user-service, , ] 29492 --- [main] o.s.i.channel.PublishSubscribeChannel    : Channel 'user-service.errorChannel' has 1 subscriber(s).
2023-09-27 17:33:23.917  INFO [user-service, , ] 29492 --- [main] o.s.i.endpoint.EventDrivenConsumer       : started bean '_org.springframework.integration.errorLogger'
2023-09-27 17:33:23.933  INFO [user-service, , ] 29492 --- [main] o.s.c.n.eureka.InstanceInfoFactory       : Setting initial instance status as: STARTING
2023-09-27 17:33:24.094  INFO [user-service, , ] 29492 --- [main] com.netflix.discovery.DiscoveryClient    : Initializing Eureka in region us-east-1
2023-09-27 17:33:24.108  INFO [user-service, , ] 29492 --- [main] c.n.d.s.r.aws.ConfigClusterResolver      : Resolving eureka endpoints via configuration
2023-09-27 17:33:24.190  INFO [user-service, , ] 29492 --- [main] com.netflix.discovery.DiscoveryClient    : Disable delta property : false
2023-09-27 17:33:24.191  INFO [user-service, , ] 29492 --- [main] com.netflix.discovery.DiscoveryClient    : Single vip registry refresh property : null
2023-09-27 17:33:24.192  INFO [user-service, , ] 29492 --- [main] com.netflix.discovery.DiscoveryClient    : Force full registry fetch : false
2023-09-27 17:33:24.192  INFO [user-service, , ] 29492 --- [main] com.netflix.discovery.DiscoveryClient    : Application is null : false
2023-09-27 17:33:24.192  INFO [user-service, , ] 29492 --- [main] com.netflix.discovery.DiscoveryClient    : Registered Applications size is zero : true
2023-09-27 17:33:24.192  INFO [user-service, , ] 29492 --- [main] com.netflix.discovery.DiscoveryClient    : Application version is -1: true
2023-09-27 17:33:24.193  INFO [user-service, , ] 29492 --- [main] com.netflix.discovery.DiscoveryClient    : Getting all instance registry info from the eureka server
2023-09-27 17:33:24.506  INFO [user-service, , ] 29492 --- [main] com.netflix.discovery.DiscoveryClient    : The response status is 200
2023-09-27 17:33:24.512  INFO [user-service, , ] 29492 --- [main] com.netflix.discovery.DiscoveryClient    : Starting heartbeat executor: renew interval is: 30
2023-09-27 17:33:24.522  INFO [user-service, , ] 29492 --- [main] c.n.discovery.InstanceInfoReplicator     : InstanceInfoReplicator onDemand update allowed rate per min is 4
2023-09-27 17:33:24.536  INFO [user-service, , ] 29492 --- [main] com.netflix.discovery.DiscoveryClient    : Discovery Client initialized at timestamp 1695816204535 with initial instances count: 2
2023-09-27 17:33:24.551  INFO [user-service, , ] 29492 --- [main] o.s.c.n.e.s.EurekaServiceRegistry        : Registering application USER-SERVICE with eureka with status UP
2023-09-27 17:33:24.554  INFO [user-service, , ] 29492 --- [main] com.netflix.discovery.DiscoveryClient    : Saw local status change event StatusChangeEvent [timestamp=1695816204554, current=UP, previous=STARTING]
2023-09-27 17:33:24.557  INFO [user-service, , ] 29492 --- [DiscoveryClient-InstanceInfoReplicator-0] com.netflix.discovery.DiscoveryClient    : DiscoveryClient_USER-SERVICE/localhost:user-service:8080: registering service...
2023-09-27 17:33:24.687  INFO [user-service, , ] 29492 --- [DiscoveryClient-InstanceInfoReplicator-0] com.netflix.discovery.DiscoveryClient    : DiscoveryClient_USER-SERVICE/localhost:user-service:8080 - registration status: 204
2023-09-27 17:33:24.986  INFO [user-service, , ] 29492 --- [main] c.s.b.r.p.RabbitExchangeQueueProvisioner : declaring queue for inbound: springCloudBus.anonymous.yqvc6fn0TX-GlFjtgKqXUg, bound to: springCloudBus
2023-09-27 17:33:24.995  INFO [user-service, , ] 29492 --- [main] o.s.a.r.c.CachingConnectionFactory       : Attempting to connect to: [localhost:5672]
2023-09-27 17:33:25.115  INFO [user-service, , ] 29492 --- [main] o.s.a.r.c.CachingConnectionFactory       : Created new connection: rabbitConnectionFactory#22aaa811:0/SimpleConnection@44535df8 [delegate=amqp://guest@127.0.0.1:5672/, localPort= 56313]
2023-09-27 17:33:25.244  INFO [user-service, , ] 29492 --- [main] o.s.c.stream.binder.BinderErrorChannel   : Channel 'springCloudBus.anonymous.yqvc6fn0TX-GlFjtgKqXUg.errors' has 1 subscriber(s).
2023-09-27 17:33:25.245  INFO [user-service, , ] 29492 --- [main] o.s.c.stream.binder.BinderErrorChannel   : Channel 'springCloudBus.anonymous.yqvc6fn0TX-GlFjtgKqXUg.errors' has 2 subscriber(s).
2023-09-27 17:33:25.345  INFO [user-service, , ] 29492 --- [main] o.s.i.a.i.AmqpInboundChannelAdapter      : started bean 'inbound.springCloudBus.anonymous.yqvc6fn0TX-GlFjtgKqXUg'
2023-09-27 17:33:25.372  INFO [user-service, , ] 29492 --- [main] o.s.b.w.embedded.tomcat.TomcatWebServer  : Tomcat started on port(s): 8080 (http) with context path ''
2023-09-27 17:33:25.374  INFO [user-service, , ] 29492 --- [main] .s.c.n.e.s.EurekaAutoServiceRegistration : Updating port to 8080
2023-09-27 17:33:26.754  INFO [user-service, , ] 29492 --- [main] o.s.cloud.commons.util.InetUtils         : Cannot determine local hostname
2023-09-27 17:33:26.803  INFO [user-service, , ] 29492 --- [main] c.o.userservice.UserServiceApplication   : Started UserServiceApplication in 28.864 seconds (JVM running for 29.905)
2023-09-27 17:33:36.072  INFO [user-service, , ] 29492 --- [http-nio-8080-exec-2] o.a.c.c.C.[Tomcat].[localhost].[/]       : Initializing Spring DispatcherServlet 'dispatcherServlet'
2023-09-27 17:33:36.073  INFO [user-service, , ] 29492 --- [http-nio-8080-exec-2] o.s.web.servlet.DispatcherServlet        : Initializing Servlet 'dispatcherServlet'
2023-09-27 17:33:36.077  INFO [user-service, , ] 29492 --- [http-nio-8080-exec-2] o.s.web.servlet.DispatcherServlet        : Completed initialization in 4 ms
2023-09-27 17:33:39.556 DEBUG [user-service, , ] 29492 --- [http-nio-8080-exec-3] c.o.u.serviceimpl.UserServiceImpl        : Album service called
2023-09-27 17:38:24.212  INFO [user-service, , ] 29492 --- [AsyncResolver-bootstrap-executor-0] c.n.d.s.r.aws.ConfigClusterResolver      : Resolving eureka endpoints via configuration
2023-09-27 17:43:24.224  INFO [user-service, , ] 29492 --- [AsyncResolver-bootstrap-executor-0] c.n.d.s.r.aws.ConfigClusterResolver      : Resolving eureka endpoints via configuration
2023-09-27 17:48:24.239  INFO [user-service, , ] 29492 --- [AsyncResolver-bootstrap-executor-0] c.n.d.s.r.aws.ConfigClusterResolver      : Resolving eureka endpoints via configuration
2023-09-27 17:50:26.630 DEBUG [user-service, , ] 29492 --- [http-nio-8080-exec-6] c.o.u.serviceimpl.UserServiceImpl        : Album service called
2023-09-27 17:53:24.255  INFO [user-service, , ] 29492 --- [AsyncResolver-bootstrap-executor-0] c.n.d.s.r.aws.ConfigClusterResolver      : Resolving eureka endpoints via configuration
2023-09-27 17:58:24.259  INFO [user-service, , ] 29492 --- [AsyncResolver-bootstrap-executor-0] c.n.d.s.r.aws.ConfigClusterResolver      : Resolving eureka endpoints via configuration
2023-09-27 18:03:24.264  INFO [user-service, , ] 29492 --- [AsyncResolver-bootstrap-executor-0] c.n.d.s.r.aws.ConfigClusterResolver      : Resolving eureka endpoints via configuration
2023-09-27 18:08:24.271  INFO [user-service, , ] 29492 --- [AsyncResolver-bootstrap-executor-0] c.n.d.s.r.aws.ConfigClusterResolver      : Resolving eureka endpoints via configuration
2023-09-27 18:10:08.562 DEBUG [user-service, , ] 29492 --- [http-nio-8080-exec-9] c.o.u.serviceimpl.UserServiceImpl        : Album service called
2023-09-27 18:13:24.275  INFO [user-service, , ] 29492 --- [AsyncResolver-bootstrap-executor-0] c.n.d.s.r.aws.ConfigClusterResolver      : Resolving eureka endpoints via configuration
2023-09-27 18:18:24.292  INFO [user-service, , ] 29492 --- [AsyncResolver-bootstrap-executor-0] c.n.d.s.r.aws.ConfigClusterResolver      : Resolving eureka endpoints via configuration
2023-09-27 18:19:47.556 DEBUG [user-service, , ] 29492 --- [http-nio-8080-exec-2] c.o.u.serviceimpl.UserServiceImpl        : Album service called
2023-09-27 18:19:48.504 DEBUG [user-service, , ] 29492 --- [http-nio-8080-exec-3] c.o.u.serviceimpl.UserServiceImpl        : Album service called
2023-09-27 18:23:24.306  INFO [user-service, , ] 29492 --- [AsyncResolver-bootstrap-executor-0] c.n.d.s.r.aws.ConfigClusterResolver      : Resolving eureka endpoints via configuration
2023-09-27 18:28:24.319  INFO [user-service, , ] 29492 --- [AsyncResolver-bootstrap-executor-0] c.n.d.s.r.aws.ConfigClusterResolver      : Resolving eureka endpoints via configuration
2023-09-27 18:33:24.332  INFO [user-service, , ] 29492 --- [AsyncResolver-bootstrap-executor-0] c.n.d.s.r.aws.ConfigClusterResolver      : Resolving eureka endpoints via configuration
2023-09-27 18:38:24.349  INFO [user-service, , ] 29492 --- [AsyncResolver-bootstrap-executor-0] c.n.d.s.r.aws.ConfigClusterResolver      : Resolving eureka endpoints via configuration
2023-09-27 18:43:24.365  INFO [user-service, , ] 29492 --- [AsyncResolver-bootstrap-executor-0] c.n.d.s.r.aws.ConfigClusterResolver      : Resolving eureka endpoints via configuration
2023-09-27 18:48:24.381  INFO [user-service, , ] 29492 --- [AsyncResolver-bootstrap-executor-0] c.n.d.s.r.aws.ConfigClusterResolver      : Resolving eureka endpoints via configuration
2023-09-27 18:53:24.389  INFO [user-service, , ] 29492 --- [AsyncResolver-bootstrap-executor-0] c.n.d.s.r.aws.ConfigClusterResolver      : Resolving eureka endpoints via configuration
2023-09-27 21:06:42.619  WARN [user-service, , ] 29492 --- [HikariPool-1 housekeeper] com.zaxxer.hikari.pool.HikariPool        : HikariPool-1 - Thread starvation or clock leap detected (housekeeper delta=2h9m31s606ms281µs).
2023-09-27 21:07:21.951  INFO [user-service, , ] 29492 --- [AsyncResolver-bootstrap-executor-0] c.n.d.s.r.aws.ConfigClusterResolver      : Resolving eureka endpoints via configuration
2023-09-27 21:12:21.965  INFO [user-service, , ] 29492 --- [AsyncResolver-bootstrap-executor-0] c.n.d.s.r.aws.ConfigClusterResolver      : Resolving eureka endpoints via configuration
2023-09-27 21:17:21.970  INFO [user-service, , ] 29492 --- [AsyncResolver-bootstrap-executor-0] c.n.d.s.r.aws.ConfigClusterResolver      : Resolving eureka endpoints via configuration
2023-09-27 21:22:21.990  INFO [user-service, , ] 29492 --- [AsyncResolver-bootstrap-executor-0] c.n.d.s.r.aws.ConfigClusterResolver      : Resolving eureka endpoints via configuration
2023-09-27 21:27:22.007  INFO [user-service, , ] 29492 --- [AsyncResolver-bootstrap-executor-0] c.n.d.s.r.aws.ConfigClusterResolver      : Resolving eureka endpoints via configuration
2023-09-27 21:32:22.015  INFO [user-service, , ] 29492 --- [AsyncResolver-bootstrap-executor-0] c.n.d.s.r.aws.ConfigClusterResolver      : Resolving eureka endpoints via configuration
2023-09-27 21:37:22.027  INFO [user-service, , ] 29492 --- [AsyncResolver-bootstrap-executor-0] c.n.d.s.r.aws.ConfigClusterResolver      : Resolving eureka endpoints via configuration
2023-09-27 21:42:22.031  INFO [user-service, , ] 29492 --- [AsyncResolver-bootstrap-executor-0] c.n.d.s.r.aws.ConfigClusterResolver      : Resolving eureka endpoints via configuration
2023-09-27 21:47:22.033  INFO [user-service, , ] 29492 --- [AsyncResolver-bootstrap-executor-0] c.n.d.s.r.aws.ConfigClusterResolver      : Resolving eureka endpoints via configuration
2023-09-27 21:52:22.047  INFO [user-service, , ] 29492 --- [AsyncResolver-bootstrap-executor-0] c.n.d.s.r.aws.ConfigClusterResolver      : Resolving eureka endpoints via configuration
2023-09-27 21:57:22.058  INFO [user-service, , ] 29492 --- [AsyncResolver-bootstrap-executor-0] c.n.d.s.r.aws.ConfigClusterResolver      : Resolving eureka endpoints via configuration
2023-09-27 22:02:22.066  INFO [user-service, , ] 29492 --- [AsyncResolver-bootstrap-executor-0] c.n.d.s.r.aws.ConfigClusterResolver      : Resolving eureka endpoints via configuration
